<?xml version="1.0" encoding="UTF-8"?>
<!-- Generated by org.testng.reporters.JUnitReportReporter -->
<testsuite hostname="ThinkPad" failures="0" tests="1" name="TestCases.SignUpPage" time="14.193" errors="0" timestamp="2023-08-20T00:25:06 PDT" skipped="0">
  <testcase classname="TestCases.SignUpPage" name="LoginPage" time="14.193"/>
  <system-out/>
</testsuite> <!-- TestCases.SignUpPage -->
